#
# A fatal error has been detected by the Java Runtime Environment:
#
#  EXCEPTION_ACCESS_VIOLATION (0xc0000005) at pc=0x0000000072ac8855, pid=11488, tid=8644
#
# JRE version: Java(TM) SE Runtime Environment (8.0_65-b17) (build 1.8.0_65-b17)
# Java VM: Java HotSpot(TM) 64-Bit Server VM (25.65-b01 mixed mode windows-amd64 compressed oops)
# Problematic frame:
# V  [jvm.dll+0x128855]
#
# Failed to write core dump. Minidumps are not enabled by default on client versions of Windows
#
# If you would like to submit a bug report, please visit:
#   http://bugreport.java.com/bugreport/crash.jsp
#

---------------  T H R E A D  ---------------

Current thread (0x0000000015c20000):  JavaThread "JDWP Transport Listener: dt_socket" daemon [_thread_in_vm, id=8644, stack(0x00000000175c0000,0x00000000176c0000)]

siginfo: ExceptionCode=0xc0000005, reading address 0x00003b6e6f697461

Registers:
RAX=0x00000000176bf501, RBX=0x0000000015c20000, RCX=0x00003b6e6f697461, RDX=0x0000000000000000
RSP=0x00000000176bf4b0, RBP=0x00003b6e6f697461, RSI=0x00000000176bf5c8, RDI=0x0000000002249540
R8 =0x0000000015c20000, R9 =0x0000000000000000, R10=0x0000000000000000, R11=0x0000000000000064
R12=0x0000000000000000, R13=0x0000000015c20d38, R14=0x0000000000000000, R15=0x0000000000000000
RIP=0x0000000072ac8855, EFLAGS=0x0000000000010202

Top of Stack: (sp=0x00000000176bf4b0)
0x00000000176bf4b0:   0000000015c20000 0000000015c20000
0x00000000176bf4c0:   00000000176bf578 0000000072cce19b
0x00000000176bf4d0:   0000000015c20000 0000000072cea9fd
0x00000000176bf4e0:   0000000000000000 0000000072979155
0x00000000176bf4f0:   00000000183be8d0 000000007298291e
0x00000000176bf500:   0000000015c20000 0000000000000000
0x00000000176bf510:   0000000000000000 0000000000000000
0x00000000176bf520:   00003b6e6f697461 0000000072981a15
0x00000000176bf530:   00000000176bf5c8 00000000176bf5a0
0x00000000176bf540:   0000000000000001 00000000183be8d0
0x00000000176bf550:   00003b6e6f697461 00000000729653b3
0x00000000176bf560:   00000000176bf690 0000000000000001
0x00000000176bf570:   0000000000000001 00000000183be8d0
0x00000000176bf580:   0000000000000009 0000000000000000
0x00000000176bf590:   0000000000000000 0000000000000000
0x00000000176bf5a0:   0000000000000001 0000000072965571 

Instructions: (pc=0x0000000072ac8855)
0x0000000072ac8835:   cc cc cc cc cc cc cc cc cc cc cc 48 83 ec 28 48
0x0000000072ac8845:   85 c9 75 07 33 c0 48 83 c4 28 c3 48 89 5c 24 20
0x0000000072ac8855:   48 8b 19 48 85 db 74 20 48 83 fb 37 74 1a 48 8b
0x0000000072ac8865:   13 48 8b cb ff 52 10 84 c0 74 0d 48 8b c3 48 8b 


Register to memory mapping:

RAX=0x00000000176bf501 is pointing into the stack for thread: 0x0000000015c20000
RBX=0x0000000015c20000 is a thread
RCX=0x00003b6e6f697461 is an unknown value
RDX=0x0000000000000000 is an unknown value
RSP=0x00000000176bf4b0 is pointing into the stack for thread: 0x0000000015c20000
RBP=0x00003b6e6f697461 is an unknown value
RSI=0x00000000176bf5c8 is pointing into the stack for thread: 0x0000000015c20000
RDI=0x0000000002249540 is an unknown value
R8 =0x0000000015c20000 is a thread
R9 =0x0000000000000000 is an unknown value
R10=0x0000000000000000 is an unknown value
R11=0x0000000000000064 is an unknown value
R12=0x0000000000000000 is an unknown value
R13=0x0000000015c20d38 is an unknown value
R14=0x0000000000000000 is an unknown value
R15=0x0000000000000000 is an unknown value


Stack: [0x00000000175c0000,0x00000000176c0000],  sp=0x00000000176bf4b0,  free space=1021k
Native frames: (J=compiled Java code, j=interpreted, Vv=VM code, C=native code)
V  [jvm.dll+0x128855]
V  [jvm.dll+0x34a9fd]
C  [jdwp.dll+0x21a15]
C  [jdwp.dll+0x53b3]
C  [jdwp.dll+0x5571]
C  [jdwp.dll+0xf0a8]
C  [jdwp.dll+0x1f2d5]
C  [jdwp.dll+0x1f4aa]
V  [jvm.dll+0x1bb8f8]
V  [jvm.dll+0x243144]
V  [jvm.dll+0x299f7a]
C  [msvcr100.dll+0x21d9f]
C  [msvcr100.dll+0x21e3b]
C  [KERNEL32.DLL+0x18102]
C  [ntdll.dll+0x5c2e4]


---------------  P R O C E S S  ---------------

Java Threads: ( => current thread )
  0x0000000017ab3000 JavaThread "ReaderThread" [_thread_in_native, id=12684, stack(0x00000000181c0000,0x00000000182c0000)]
  0x0000000017a07000 JavaThread "Service Thread" daemon [_thread_blocked, id=14480, stack(0x0000000017fc0000,0x00000000180c0000)]
  0x0000000015c6d800 JavaThread "C1 CompilerThread2" daemon [_thread_blocked, id=14792, stack(0x0000000017ec0000,0x0000000017fc0000)]
  0x0000000015c6d000 JavaThread "C2 CompilerThread1" daemon [_thread_blocked, id=10000, stack(0x0000000017dc0000,0x0000000017ec0000)]
  0x0000000015c33800 JavaThread "C2 CompilerThread0" daemon [_thread_blocked, id=7244, stack(0x00000000178c0000,0x00000000179c0000)]
  0x0000000015c27800 JavaThread "JDWP Command Reader" daemon [_thread_in_native, id=14568, stack(0x00000000177c0000,0x00000000178c0000)]
  0x0000000015c22800 JavaThread "JDWP Event Helper Thread" daemon [_thread_blocked, id=14784, stack(0x00000000176c0000,0x00000000177c0000)]
=>0x0000000015c20000 JavaThread "JDWP Transport Listener: dt_socket" daemon [_thread_in_vm, id=8644, stack(0x00000000175c0000,0x00000000176c0000)]
  0x0000000015c0d000 JavaThread "Attach Listener" daemon [_thread_blocked, id=14456, stack(0x0000000017180000,0x0000000017280000)]
  0x0000000015c0c000 JavaThread "Signal Dispatcher" daemon [_thread_blocked, id=10860, stack(0x0000000017080000,0x0000000017180000)]
  0x0000000015bd8800 JavaThread "Finalizer" daemon [_thread_blocked, id=14756, stack(0x0000000016e80000,0x0000000016f80000)]
  0x0000000002341800 JavaThread "Reference Handler" daemon [_thread_blocked, id=14604, stack(0x0000000016d80000,0x0000000016e80000)]
  0x000000000224e000 JavaThread "main" [_thread_blocked, id=14704, stack(0x00000000020f0000,0x00000000021f0000)]

Other Threads:
  0x0000000015bd7000 VMThread [stack: 0x0000000016c80000,0x0000000016d80000] [id=11252]
  0x0000000017a0c800 WatcherThread [stack: 0x00000000180c0000,0x00000000181c0000] [id=11720]

VM state:not at safepoint (normal execution)

VM Mutex/Monitor currently owned by a thread: None

Heap:
 PSYoungGen      total 28672K, used 8878K [0x00000000e0700000, 0x00000000e2700000, 0x0000000100000000)
  eden space 24576K, 36% used [0x00000000e0700000,0x00000000e0fab9f8,0x00000000e1f00000)
  from space 4096K, 0% used [0x00000000e2300000,0x00000000e2300000,0x00000000e2700000)
  to   space 4096K, 0% used [0x00000000e1f00000,0x00000000e1f00000,0x00000000e2300000)
 ParOldGen       total 65536K, used 0K [0x00000000a1400000, 0x00000000a5400000, 0x00000000e0700000)
  object space 65536K, 0% used [0x00000000a1400000,0x00000000a1400000,0x00000000a5400000)
 Metaspace       used 6426K, capacity 6664K, committed 6784K, reserved 1056768K
  class space    used 731K, capacity 796K, committed 896K, reserved 1048576K

Card table byte_map: [0x0000000011710000,0x0000000011a10000] byte_map_base: 0x0000000011206000

Marking Bits: (ParMarkBitMap*) 0x00000000731aa5b0
 Begin Bits: [0x0000000012010000, 0x00000000137c0000)
 End Bits:   [0x00000000137c0000, 0x0000000014f70000)

Polling page: 0x0000000000520000

CodeCache: size=245760Kb used=2225Kb max_used=2225Kb free=243534Kb
 bounds [0x0000000002350000, 0x00000000025c0000, 0x0000000011350000]
 total_blobs=780 nmethods=477 adapters=224
 compilation: enabled

Compilation events (10 events):
Event: 0.693 Thread 0x0000000015c6d800  471       3       java.lang.invoke.MethodType::equals (29 bytes)
Event: 0.693 Thread 0x0000000015c6d800 nmethod 471 0x000000000257b2d0 code [0x000000000257b460, 0x000000000257b9a8]
Event: 0.693 Thread 0x0000000015c6d800  461       1       java.lang.invoke.LambdaForm::arity (5 bytes)
Event: 0.693 Thread 0x0000000015c6d800 nmethod 461 0x000000000257bad0 code [0x000000000257bc20, 0x000000000257bd30]
Event: 0.697 Thread 0x0000000015c6d800  475       3       jdk.internal.org.objectweb.asm.ByteVector::<init> (13 bytes)
Event: 0.697 Thread 0x0000000015c6d800 nmethod 475 0x000000000257bd90 code [0x000000000257bf00, 0x000000000257c150]
Event: 0.697 Thread 0x0000000015c6d800  476       3       jdk.internal.org.objectweb.asm.ByteVector::putByteArray (49 bytes)
Event: 0.698 Thread 0x0000000015c6d800 nmethod 476 0x000000000257c210 code [0x000000000257c380, 0x000000000257c698]
Event: 0.698 Thread 0x0000000015c6d800  477       1       java.nio.Buffer::limit (5 bytes)
Event: 0.698 Thread 0x0000000015c6d800 nmethod 477 0x000000000257c790 code [0x000000000257c8e0, 0x000000000257c9f0]

GC Heap History (0 events):
No events

Deoptimization events (0 events):
No events

Internal exceptions (8 events):
Event: 0.166 Thread 0x000000000224e000 Exception <a 'java/lang/NoSuchMethodError': Method sun.misc.Unsafe.defineClass(Ljava/lang/String;[BII)Ljava/lang/Class; name or signature does not match> (0x00000000e070d350) thrown at [C:\workspace\8-2-build-windows-amd64-cygwin\jdk8u65\4987\hotspot\src\sêèSÀP≈?
Event: 0.167 Thread 0x000000000224e000 Exception <a 'java/lang/NoSuchMethodError': Method sun.misc.Unsafe.prefetchRead(Ljava/lang/Object;J)V name or signature does not match> (0x00000000e070d638) thrown at [C:\workspace\8-2-build-windows-amd64-cygwin\jdk8u65\4987\hotspot\src\share\vm\prims\jni.ß)Ò÷›?
Event: 0.466 Thread 0x000000000224e000 Exception <a 'java/security/PrivilegedActionException'> (0x00000000e0b25f98) thrown at [C:\workspace\8-2-build-windows-amd64-cygwin\jdk8u65\4987\hotspot\src\share\vm\prims\jvm.cpp, line 1386]
Event: 0.466 Thread 0x000000000224e000 Exception <a 'java/security/PrivilegedActionException'> (0x00000000e0b26390) thrown at [C:\workspace\8-2-build-windows-amd64-cygwin\jdk8u65\4987\hotspot\src\share\vm\prims\jvm.cpp, line 1386]
Event: 0.467 Thread 0x000000000224e000 Exception <a 'java/security/PrivilegedActionException'> (0x00000000e0b2a5a8) thrown at [C:\workspace\8-2-build-windows-amd64-cygwin\jdk8u65\4987\hotspot\src\share\vm\prims\jvm.cpp, line 1386]
Event: 0.467 Thread 0x000000000224e000 Exception <a 'java/security/PrivilegedActionException'> (0x00000000e0b2a9a0) thrown at [C:\workspace\8-2-build-windows-amd64-cygwin\jdk8u65\4987\hotspot\src\share\vm\prims\jvm.cpp, line 1386]
Event: 0.654 Thread 0x000000000224e000 Exception <a 'java/lang/NoSuchFieldError': method resolution failed> (0x00000000e0eb1b30) thrown at [C:\workspace\8-2-build-windows-amd64-cygwin\jdk8u65\4987\hotspot\src\share\vm\prims\methodHandles.cpp, line 1146]
Event: 0.660 Thread 0x000000000224e000 Exception <a 'java/lang/NoSuchFieldError': method resolution failed> (0x00000000e0ebf258) thrown at [C:\workspace\8-2-build-windows-amd64-cygwin\jdk8u65\4987\hotspot\src\share\vm\prims\methodHandles.cpp, line 1146]

Events (10 events):
Event: 136.956 Executing VM operation: GetOrSetLocal
Event: 136.956 Executing VM operation: GetOrSetLocal done
Event: 136.957 Executing VM operation: GetOrSetLocal
Event: 136.957 Executing VM operation: GetOrSetLocal done
Event: 269.717 Executing VM operation: RedefineClasses
Event: 269.721 Executing VM operation: RedefineClasses done
Event: 274.839 Executing VM operation: RedefineClasses
Event: 274.842 Executing VM operation: RedefineClasses done
Event: 436.207 Executing VM operation: RedefineClasses
Event: 436.210 Executing VM operation: RedefineClasses done


Dynamic libraries:
0x00007ff794c90000 - 0x00007ff794cc7000 	C:\Program Files\Java\jdk1.8.0_65\bin\javaw.exe
0x00007ffa0a650000 - 0x00007ffa0a811000 	C:\Windows\SYSTEM32\ntdll.dll
0x00007ffa081f0000 - 0x00007ffa0829d000 	C:\Windows\system32\KERNEL32.DLL
0x00007ffa06ef0000 - 0x00007ffa070d8000 	C:\Windows\system32\KERNELBASE.dll
0x00007ffa07cd0000 - 0x00007ffa07d77000 	C:\Windows\system32\ADVAPI32.dll
0x00007ffa0a5b0000 - 0x00007ffa0a64d000 	C:\Windows\system32\msvcrt.dll
0x00007ffa0a040000 - 0x00007ffa0a09b000 	C:\Windows\system32\sechost.dll
0x00007ffa0a280000 - 0x00007ffa0a39c000 	C:\Windows\system32\RPCRT4.dll
0x00007ffa09ea0000 - 0x00007ffa09ff6000 	C:\Windows\system32\USER32.dll
0x00007ffa08060000 - 0x00007ffa081e6000 	C:\Windows\system32\GDI32.dll
0x00007ffa028f0000 - 0x00007ffa02b64000 	C:\Windows\WinSxS\amd64_microsoft.windows.common-controls_6595b64144ccf1df_6.0.10586.0_none_8c15ae12515e1c22\COMCTL32.dll
0x00007ffa07de0000 - 0x00007ffa0805d000 	C:\Windows\system32\combase.dll
0x00007ffa07200000 - 0x00007ffa0726a000 	C:\Windows\system32\bcryptPrimitives.dll
0x00007ffa0a000000 - 0x00007ffa0a03b000 	C:\Windows\system32\IMM32.DLL
0x00007ffa056a0000 - 0x00007ffa056dc000 	C:\Windows\system32\nvinitx.dll
0x0000000073230000 - 0x0000000073302000 	C:\Program Files\Java\jdk1.8.0_65\jre\bin\msvcr100.dll
0x00000000729a0000 - 0x0000000073229000 	C:\Program Files\Java\jdk1.8.0_65\jre\bin\server\jvm.dll
0x00007ffa09e90000 - 0x00007ffa09e98000 	C:\Windows\system32\PSAPI.DLL
0x00007ff9e9c40000 - 0x00007ff9e9c49000 	C:\Windows\SYSTEM32\WSOCK32.dll
0x00007ffa07c60000 - 0x00007ffa07ccb000 	C:\Windows\system32\WS2_32.dll
0x00007ffa05250000 - 0x00007ffa05273000 	C:\Windows\SYSTEM32\WINMM.dll
0x00007ffa02c10000 - 0x00007ffa02c1a000 	C:\Windows\SYSTEM32\VERSION.dll
0x00007ffa051f0000 - 0x00007ffa0521c000 	C:\Windows\SYSTEM32\WINMMBASE.dll
0x00007ffa07a00000 - 0x00007ffa07a43000 	C:\Windows\system32\cfgmgr32.dll
0x0000000073810000 - 0x000000007381f000 	C:\Program Files\Java\jdk1.8.0_65\jre\bin\verify.dll
0x00000000737e0000 - 0x0000000073809000 	C:\Program Files\Java\jdk1.8.0_65\jre\bin\java.dll
0x0000000072960000 - 0x0000000072995000 	C:\Program Files\Java\jdk1.8.0_65\jre\bin\jdwp.dll
0x0000000072950000 - 0x0000000072958000 	C:\Program Files\Java\jdk1.8.0_65\jre\bin\npt.dll
0x0000000072930000 - 0x0000000072946000 	C:\Program Files\Java\jdk1.8.0_65\jre\bin\zip.dll
0x00007ffa08930000 - 0x00007ffa09e8f000 	C:\Windows\system32\SHELL32.dll
0x00007ffa073b0000 - 0x00007ffa079f4000 	C:\Windows\system32\windows.storage.dll
0x00007ffa07a50000 - 0x00007ffa07aa2000 	C:\Windows\system32\shlwapi.dll
0x00007ffa06cf0000 - 0x00007ffa06cff000 	C:\Windows\system32\kernel.appcore.dll
0x00007ffa07140000 - 0x00007ffa071f5000 	C:\Windows\system32\shcore.dll
0x00007ffa06ca0000 - 0x00007ffa06ceb000 	C:\Windows\system32\powrprof.dll
0x00007ffa06c80000 - 0x00007ffa06c94000 	C:\Windows\system32\profapi.dll
0x0000000072920000 - 0x0000000072929000 	C:\Program Files\Java\jdk1.8.0_65\jre\bin\dt_socket.dll
0x00007ff9f6d00000 - 0x00007ff9f6d16000 	C:\Windows\system32\napinsp.dll
0x00007ff9f6d20000 - 0x00007ff9f6d3a000 	C:\Windows\system32\pnrpnsp.dll
0x00007ffa047b0000 - 0x00007ffa047c8000 	C:\Windows\system32\NLAapi.dll
0x00007ffa065a0000 - 0x00007ffa065fc000 	C:\Windows\System32\mswsock.dll
0x00007ffa056e0000 - 0x00007ffa0578a000 	C:\Windows\SYSTEM32\DNSAPI.dll
0x00007ffa0a270000 - 0x00007ffa0a278000 	C:\Windows\system32\NSI.dll
0x00007ff9f6d40000 - 0x00007ff9f6d4d000 	C:\Windows\System32\winrnr.dll
0x00007ffa01070000 - 0x00007ffa01085000 	C:\Windows\System32\wshbth.dll
0x00007ff9ff1d0000 - 0x00007ff9ff237000 	C:\Windows\System32\fwpuclnt.dll
0x00007ffa06870000 - 0x00007ffa06899000 	C:\Windows\SYSTEM32\bcrypt.dll
0x00007ff9fd310000 - 0x00007ff9fd31a000 	C:\Windows\System32\rasadhlp.dll
0x0000000072900000 - 0x000000007291a000 	C:\Program Files\Java\jdk1.8.0_65\jre\bin\net.dll
0x00007ff9de370000 - 0x00007ff9de4fc000 	C:\Windows\SYSTEM32\dbghelp.dll

VM Arguments:
jvm_args: -agentlib:jdwp=transport=dt_socket,suspend=y,address=localhost:57623 -Dfile.encoding=Cp1252 
java_command: org.eclipse.jdt.internal.junit.runner.RemoteTestRunner -version 3 -port 57622 -testLoaderClass org.eclipse.jdt.internal.junit4.runner.JUnit4TestLoader -loaderpluginname org.eclipse.jdt.junit4.runtime -testNameFile C:\Users\Rafael\AppData\Local\Temp\testNames8334090091051875694.txt
java_class_path (initial): C:\workspace\HoteisBH\target\test-classes;C:\workspace\HoteisBH\target\classes;C:\Users\Rafael\.m2\repository\junit\junit\4.12\junit-4.12.jar;C:\Users\Rafael\.m2\repository\org\hamcrest\hamcrest-core\1.3\hamcrest-core-1.3.jar;/C:/Eclipse/configuration/org.eclipse.osgi/383/0/.cp/;/C:/Eclipse/configuration/org.eclipse.osgi/382/0/.cp/
Launcher Type: SUN_STANDARD

Environment Variables:
PATH=C:\Program Files\Java\jdk1.8.0_65\jre\bin;C:/Program Files/Java/jre1.8.0_66/bin/server;C:/Program Files/Java/jre1.8.0_66/bin;C:/Program Files/Java/jre1.8.0_66/lib/amd64;C:\ProgramData\Oracle\Java\javapath;C:\Windows\system32;C:\Windows;C:\Windows\System32\Wbem;C:\Windows\System32\WindowsPowerShell\v1.0\;C:\Program Files (x86)\Skype\Phone\;C:\Users\Rafael\AppData\Local\atom\bin;C:\Eclipse;
USERNAME=Rafael
OS=Windows_NT
PROCESSOR_IDENTIFIER=Intel64 Family 6 Model 42 Stepping 7, GenuineIntel



---------------  S Y S T E M  ---------------

OS: Windows 10.0 , 64 bit Build 10586 (10.0.10586.0)

CPU:total 4 (2 cores per cpu, 2 threads per core) family 6 model 42 stepping 7, cmov, cx8, fxsr, mmx, sse, sse2, sse3, ssse3, sse4.1, sse4.2, popcnt, avx, aes, clmul, ht, tsc, tscinvbit

Memory: 4k page, physical 6201644k(1400116k free), swap 7924252k(1355900k free)

vm_info: Java HotSpot(TM) 64-Bit Server VM (25.65-b01) for windows-amd64 JRE (1.8.0_65-b17), built on Oct  6 2015 16:39:20 by "java_re" with MS VC++ 10.0 (VS2010)

time: Thu Jan 14 01:41:17 2016
elapsed time: 437 seconds (0d 0h 7m 17s)

